<?xml version="1.0" encoding="UTF-8"?>
<!-- Generated by org.testng.reporters.JUnitReportReporter -->
<testsuite skipped="0" hostname="igor5566" name="com.firstSite.GooglePage" tests="1" failures="0" timestamp="29 Dec 2019 19:22:49 GMT" time="1.619" errors="0">
  <testcase name="getSearchPage" time="1.619" classname="com.firstSite.GooglePage"/>
</testsuite> <!-- com.firstSite.GooglePage -->
