<?xml version="1.0" encoding="UTF-8"?>
<!-- Generated by org.testng.reporters.JUnitReportReporter -->
<testsuite skipped="0" hostname="igor5566" name="com.firstSite.GooglePage" tests="1" failures="0" timestamp="29 Dec 2019 20:30:38 GMT" time="10.818" errors="0">
  <testcase name="getSearchPage" time="10.818" classname="com.firstSite.GooglePage"/>
</testsuite> <!-- com.firstSite.GooglePage -->
