<?xml version="1.0" encoding="UTF-8"?>
<!-- Generated by org.testng.reporters.JUnitReportReporter -->
<testsuite hostname="adminpdfs-MacBook-Air.local" name="com.firstSite.FirstClass" tests="3" failures="0" timestamp="9 Dec 2019 08:39:31 GMT" time="0.014" errors="0">
  <testcase name="firstMethod" time="0.013" classname="com.firstSite.FirstClass"/>
  <testcase name="secondMethod" time="0.001" classname="com.firstSite.FirstClass"/>
  <testcase name="thirdMethod" time="0.000" classname="com.firstSite.FirstClass"/>
</testsuite> <!-- com.firstSite.FirstClass -->
